<?xml version="1.0" encoding="UTF-8"?>
<!-- Generated by org.testng.reporters.JUnitXMLReporter -->
<testsuite hostname="DESKTOP-5PR7OFC" name="Default test" tests="3" failures="0" timestamp="12 Aug 2019 18:25:06 GMT" time="71.331" errors="0">
  <testcase name="loginPageTitleTest" time="0.071" classname="com.crm.qa.testcases.LoginPageTest"/>
  <testcase name="crmLogoTest" time="1.487" classname="com.crm.qa.testcases.LoginPageTest"/>
  <testcase name="loginTest" time="10.641" classname="com.crm.qa.testcases.LoginPageTest"/>
</testsuite> <!-- Default test -->
