<?xml version="1.0" encoding="UTF-8"?>
<!-- Generated by org.testng.reporters.JUnitXMLReporter -->
<testsuite hostname="DESKTOP-5PR7OFC" name="FREECRM App testcases" tests="3" failures="0" timestamp="13 Aug 2019 05:49:50 GMT" time="39.779" errors="0">
  <testcase name="loginPageTitleTest" time="0.139" classname="com.crm.qa.testcases.LoginPageTest"/>
  <testcase name="crmLogoTest" time="0.088" classname="com.crm.qa.testcases.LoginPageTest"/>
  <testcase name="loginTest" time="6.935" classname="com.crm.qa.testcases.LoginPageTest"/>
</testsuite> <!-- FREECRM App testcases -->
