<?xml version="1.0" encoding="UTF-8"?>
<testng-results skipped="0" failed="0" total="1" passed="1">
  <reporter-output>
  </reporter-output>
  <suite name="Default suite" duration-ms="12259" started-at="2019-08-17T09:30:13Z" finished-at="2019-08-17T09:30:25Z">
    <groups>
    </groups>
    <test name="Default test" duration-ms="12259" started-at="2019-08-17T09:30:13Z" finished-at="2019-08-17T09:30:25Z">
      <class name="com.crm.qa.testcases.LoginPageTest">
        <test-method status="PASS" signature="setUp()[pri:0, instance:com.crm.qa.testcases.LoginPageTest@3c5a99da]" name="setUp" is-config="true" duration-ms="9309" started-at="2019-08-17T15:00:13Z" finished-at="2019-08-17T15:00:22Z">
          <reporter-output>
          </reporter-output>
        </test-method> <!-- setUp -->
        <test-method status="PASS" signature="loginTest()[pri:3, instance:com.crm.qa.testcases.LoginPageTest@3c5a99da]" name="loginTest" duration-ms="2210" started-at="2019-08-17T15:00:22Z" finished-at="2019-08-17T15:00:24Z">
          <reporter-output>
          </reporter-output>
        </test-method> <!-- loginTest -->
        <test-method status="PASS" signature="tearDown()[pri:0, instance:com.crm.qa.testcases.LoginPageTest@3c5a99da]" name="tearDown" is-config="true" duration-ms="727" started-at="2019-08-17T15:00:24Z" finished-at="2019-08-17T15:00:25Z">
          <reporter-output>
          </reporter-output>
        </test-method> <!-- tearDown -->
      </class> <!-- com.crm.qa.testcases.LoginPageTest -->
    </test> <!-- Default test -->
  </suite> <!-- Default suite -->
</testng-results>
